\BOOKMARK [1][-]{section*.1}{Introduction}{}% 1
\BOOKMARK [2][-]{section*.2}{What is it and why is it important?}{section*.1}% 2
\BOOKMARK [2][-]{section*.3}{Problem}{section*.1}% 3
\BOOKMARK [2][-]{section*.4}{How do we fill in gap of knowledge?}{section*.1}% 4
\BOOKMARK [1][-]{section*.5}{Experiment}{}% 5
\BOOKMARK [2][-]{section*.6}{Setup}{section*.5}% 6
\BOOKMARK [2][-]{section*.7}{Data Collection}{section*.5}% 7
\BOOKMARK [1][-]{section*.8}{NV charge state structure and processes}{}% 8
\BOOKMARK [2][-]{section*.9}{NV-}{section*.8}% 9
\BOOKMARK [2][-]{section*.10}{NV0}{section*.8}% 10
\BOOKMARK [2][-]{section*.11}{Charge State Conversion}{section*.8}% 11
\BOOKMARK [3][-]{section*.12}{Ionisation}{section*.11}% 12
\BOOKMARK [2][-]{section*.13}{Recombination}{section*.8}% 13
\BOOKMARK [2][-]{section*.14}{Model}{section*.8}% 14
\BOOKMARK [1][-]{section*.15}{Unknown Questions and Assumptions }{}% 15
\BOOKMARK [1][-]{section*.16}{Akaike Information Criteria}{}% 16
\BOOKMARK [1][-]{section*.17}{Discussion}{}% 17
\BOOKMARK [1][-]{section*.18}{Compare Models}{}% 18
\BOOKMARK [1][-]{section*.19}{Spin Dependant Ionisation}{}% 19
\BOOKMARK [1][-]{section*.20}{Compare the spin state and charge state}{}% 20
\BOOKMARK [1][-]{section*.21}{Give other examples of how this model fits with data}{}% 21
\BOOKMARK [1][-]{section*.22}{Prospects for future work and impact}{}% 22
\BOOKMARK [1][-]{section*.23}{}{}% 23
\BOOKMARK [1][-]{section*.24}{Acknowledgements}{}% 24
\BOOKMARK [1][-]{section*.25}{References}{}% 25
