\BOOKMARK [1][-]{section*.1}{Introduction}{}% 1
\BOOKMARK [2][-]{section*.2}{Negatively Charge State}{section*.1}% 2
\BOOKMARK [2][-]{section*.3}{Neutral Charged State}{section*.1}% 3
\BOOKMARK [2][-]{section*.4}{Ionisation Process}{section*.1}% 4
\BOOKMARK [2][-]{section*.5}{Recombination Process}{section*.1}% 5
\BOOKMARK [1][-]{section*.6}{Experimental Details}{}% 6
\BOOKMARK [1][-]{section*.7}{Quenching Models}{}% 7
\BOOKMARK [2][-]{section*.8}{Underlying assumptions and unknowns}{section*.7}% 8
\BOOKMARK [2][-]{section*.9}{'STED' model}{section*.7}% 9
\BOOKMARK [2][-]{section*.10}{Simple Ionisation and Recombination Model}{section*.7}% 10
\BOOKMARK [2][-]{section*.11}{Wavelength Dependant I\046R}{section*.7}% 11
\BOOKMARK [2][-]{section*.12}{Spin Depenatant I\046R}{section*.7}% 12
\BOOKMARK [1][-]{section*.13}{Akaike Information Criteria}{}% 13
\BOOKMARK [1][-]{section*.14}{Discussion}{}% 14
\BOOKMARK [2][-]{section*.15}{Model Parameters}{section*.14}% 15
\BOOKMARK [2][-]{section*.16}{Charge state}{section*.14}% 16
\BOOKMARK [2][-]{section*.17}{Spin State}{section*.14}% 17
\BOOKMARK [1][-]{section*.18}{Comparison With Other Work}{}% 18
\BOOKMARK [1][-]{section*.19}{Conclusion}{}% 19
\BOOKMARK [1][-]{section*.20}{Acknowledgements}{}% 20
\BOOKMARK [1][-]{section*.21}{References}{}% 21
